#
# A fatal error has been detected by the Java Runtime Environment:
#
#  EXCEPTION_ACCESS_VIOLATION (0xc0000005) at pc=0x00007ffd54913d2e, pid=2952, tid=15160
#
# JRE version: OpenJDK Runtime Environment (15.0.1+9) (build 15.0.1+9-18)
# Java VM: OpenJDK 64-Bit Server VM (15.0.1+9-18, mixed mode, tiered, compressed oops, g1 gc, windows-amd64)
# Problematic frame:
# V  [jvm.dll+0x5e3d2e]
#
# No core dump will be written. Minidumps are not enabled by default on client versions of Windows
#
# If you would like to submit a bug report, please visit:
#   https://bugreport.java.com/bugreport/crash.jsp
#

---------------  S U M M A R Y ------------

Command Line: -XX:+ShowCodeDetailsInExceptionMessages -agentlib:jdwp=transport=dt_socket,suspend=y,address=localhost:50902 -javaagent:C:\java\eclipse\configuration\org.eclipse.osgi\220\0\.cp\lib\javaagent-shaded.jar -Dfile.encoding=MS949 CA_UsePrintf

Host: Intel(R) Core(TM) i5-9300H CPU @ 2.40GHz, 8 cores, 7G,  Windows 10 , 64 bit Build 18362 (10.0.18362.1316)
Time: Thu Feb 11 17:51:35 2021 ¢¥eCN©öI¡¾©ö C¡ÍA¨ª¨öA elapsed time: 3331.489728 seconds (0d 0h 55m 31s)

---------------  T H R E A D  ---------------

Current thread (0x0000025396a1d6d0):  VMThread "VM Thread" [stack: 0x0000007bf0300000,0x0000007bf0400000] [id=15160]

Stack: [0x0000007bf0300000,0x0000007bf0400000],  sp=0x0000007bf03feff0,  free space=1019k
Native frames: (J=compiled Java code, j=interpreted, Vv=VM code, C=native code)
V  [jvm.dll+0x5e3d2e]
V  [jvm.dll+0x4f4f31]
V  [jvm.dll+0x1c86bb]
V  [jvm.dll+0x1ca967]
V  [jvm.dll+0x4f53fa]
V  [jvm.dll+0x783e4b]
V  [jvm.dll+0x787c83]
V  [jvm.dll+0x788545]
V  [jvm.dll+0x78877e]
V  [jvm.dll+0x73d65a]
V  [jvm.dll+0x629c56]
C  [ucrtbase.dll+0x210b2]
C  [KERNEL32.DLL+0x17c24]
C  [ntdll.dll+0x6d4d1]


siginfo: EXCEPTION_ACCESS_VIOLATION (0xc0000005), reading address 0xffffffffffffffff


Register to memory mapping:

RIP=0x00007ffd54913d2e jvm.dll
RAX=0x0000000000000040 is an unknown value
RBX=0x00000253fbfaeeb0 points into unknown readable memory: 0x0000000000000000 | 00 00 00 00 00 00 00 00
RCX=0x00b2000000000000 is an unknown value
RDX=0x0000000000000003 is an unknown value
RSP=0x0000007bf03feff0 points into unknown readable memory: 0x00000253961c81b8 | b8 81 1c 96 53 02 00 00
RBP=0x0000007bf03ff1c0 points into unknown readable memory: 0x00007ffd54be4c68 | 68 4c be 54 fd 7f 00 00
RSI=0x00b2000000000000 is an unknown value
RDI=0x0000000000000001 is an unknown value
R8 =0x00000253961c3c70 points into unknown readable memory: 0x006c070000000002 | 02 00 00 00 00 07 6c 00
R9 =0x0 is NULL
R10=0x00000001000cb040 is pointing into metadata
R11=0x0000007bf03ff0d8 points into unknown readable memory: 0x00007ffd544f86bb | bb 86 4f 54 fd 7f 00 00
R12=0x00007ffd54b79eb0 jvm.dll
R13=0x00007ffd54df8180 jvm.dll
R14=0x0 is NULL
R15=0x00000000000003d8 is an unknown value


Registers:
RAX=0x0000000000000040, RBX=0x00000253fbfaeeb0, RCX=0x00b2000000000000, RDX=0x0000000000000003
RSP=0x0000007bf03feff0, RBP=0x0000007bf03ff1c0, RSI=0x00b2000000000000, RDI=0x0000000000000001
R8 =0x00000253961c3c70, R9 =0x0000000000000000, R10=0x00000001000cb040, R11=0x0000007bf03ff0d8
R12=0x00007ffd54b79eb0, R13=0x00007ffd54df8180, R14=0x0000000000000000, R15=0x00000000000003d8
RIP=0x00007ffd54913d2e, EFLAGS=0x0000000000010202

Top of Stack: (sp=0x0000007bf03feff0)
0x0000007bf03feff0:   00000253961c81b8 00000000000003d8
0x0000007bf03ff000:   00000253961c81b8 00000253961c7e90
0x0000007bf03ff010:   00000000000003d8 0000000000000000
0x0000007bf03ff020:   00007ffd54df8180 00007ffd54b79eb0
0x0000007bf03ff030:   0000007bf03ff1c0 00007ffd54824f31
0x0000007bf03ff040:   0000025397a49080 0000025397a48318
0x0000007bf03ff050:   00000001000caa50 00000253961c7dd0
0x0000007bf03ff060:   00000001000cae50 0000000000000000
0x0000007bf03ff070:   00007ffd00000000 0000025396a1d6d0
0x0000007bf03ff080:   00000253961c3c70 00000253f9e47280
0x0000007bf03ff090:   00000253f9e472b8 00000253f9e47368
0x0000007bf03ff0a0:   00000000000000d8 0000007bf03ff138
0x0000007bf03ff0b0:   00000000000003d8 0000000000000000
0x0000007bf03ff0c0:   00007ffd54b79eb0 000000008a1a34f0
0x0000007bf03ff0d0:   0000007bf03ff1c0 00007ffd544f86bb
0x0000007bf03ff0e0:   00000001000caa50 00007ffd54648700 

Instructions: (pc=0x00007ffd54913d2e)
0x00007ffd54913c2e:   e3 03 48 63 57 08 48 8b 48 08 48 89 5c d1 08 48
0x00007ffd54913c3e:   8b 5c 24 30 48 83 c4 20 5f c3 cc cc cc cc cc cc
0x00007ffd54913c4e:   cc cc 48 89 5c 24 18 48 89 7c 24 20 41 56 48 83
0x00007ffd54913c5e:   ec 20 33 db 44 0f b6 f2 48 8b f9 39 59 10 7e 6f
0x00007ffd54913c6e:   48 89 6c 24 30 48 89 74 24 38 8b f3 66 0f 1f 44
0x00007ffd54913c7e:   00 00 8b 47 08 03 c6 48 63 d0 48 8b 07 48 8b 48
0x00007ffd54913c8e:   08 48 8b 6c d1 10 48 8b cd 48 83 e1 fc 74 2c 45
0x00007ffd54913c9e:   84 f6 75 10 48 8b 89 98 00 00 00 e8 e2 4f be ff
0x00007ffd54913cae:   84 c0 75 17 8b 47 08 83 e5 03 03 c6 48 63 d0 48
0x00007ffd54913cbe:   8b 07 48 8b 48 08 48 89 6c d1 10 ff c3 83 c6 02
0x00007ffd54913cce:   3b 5f 10 7c ad 48 8b 74 24 38 48 8b 6c 24 30 48
0x00007ffd54913cde:   8b 5c 24 40 48 8b 7c 24 48 48 83 c4 20 41 5e c3
0x00007ffd54913cee:   cc cc 40 55 41 54 41 55 41 56 41 57 48 83 ec 20
0x00007ffd54913cfe:   65 48 8b 04 25 58 00 00 00 8b 15 bf c1 4e 00 48
0x00007ffd54913d0e:   89 5c 24 58 48 89 74 24 60 48 8b f1 48 8b 1c d0
0x00007ffd54913d1e:   b8 40 00 00 00 80 3c 18 00 75 05 e8 be 49 1f 00
0x00007ffd54913d2e:   83 be 38 01 00 00 00 b8 08 00 00 00 48 8b 04 18
0x00007ffd54913d3e:   48 8b a8 90 02 00 00 4c 8b 75 10 4c 8b 7d 18 4c
0x00007ffd54913d4e:   8b 65 20 4c 8b 6d 28 7e 5f 48 8d 8e 40 01 00 00
0x00007ffd54913d5e:   e8 bd 0a 00 00 48 8b d8 48 85 c0 74 4b 48 89 7c
0x00007ffd54913d6e:   24 68 48 8b 03 48 8b cb ff 90 88 00 00 00 8b 7b
0x00007ffd54913d7e:   08 48 8b cb 48 8b 03 2b fe ff 10 8d 0c c7 8d 81
0x00007ffd54913d8e:   c8 fe ff ff 3b 86 38 01 00 00 7d 17 48 63 c1 48
0x00007ffd54913d9e:   8d 4e 08 48 03 c8 e8 77 0a 00 00 48 8b d8 48 85
0x00007ffd54913dae:   c0 75 bf 48 8b 7c 24 68 48 8d 05 7b 30 2e 00 48
0x00007ffd54913dbe:   8b ce 48 8d 54 24 50 48 89 44 24 50 e8 d1 f9 ff
0x00007ffd54913dce:   ff 49 83 3e 00 48 8b 74 24 60 48 8b 5c 24 58 74
0x00007ffd54913dde:   13 49 8b d5 48 8b cd e8 d6 4a ab ff 49 8b ce e8
0x00007ffd54913dee:   3e 4a ab ff 4c 89 75 10 4c 89 7d 18 4c 89 65 20
0x00007ffd54913dfe:   48 83 c4 20 41 5f 41 5e 41 5d 41 5c 5d c3 cc cc
0x00007ffd54913e0e:   cc cc 48 8b c4 53 48 83 ec 70 48 89 68 08 48 8b
0x00007ffd54913e1e:   d1 4c 89 60 f0 45 33 e4 4c 89 68 e8 4c 8b e9 4c 


Stack slot to memory mapping:
stack at sp + 0 slots: 0x00000253961c81b8 points into unknown readable memory: 0x101c09631854882f | 2f 88 54 18 63 09 1c 10
stack at sp + 1 slots: 0x00000000000003d8 is an unknown value
stack at sp + 2 slots: 0x00000253961c81b8 points into unknown readable memory: 0x101c09631854882f | 2f 88 54 18 63 09 1c 10
stack at sp + 3 slots: 0x00000253961c7e90 points into unknown readable memory: 0x00000253961c7eb0 | b0 7e 1c 96 53 02 00 00
stack at sp + 4 slots: 0x00000000000003d8 is an unknown value
stack at sp + 5 slots: 0x0 is NULL
stack at sp + 6 slots: 0x00007ffd54df8180 jvm.dll
stack at sp + 7 slots: 0x00007ffd54b79eb0 jvm.dll

VM_Operation (0x0000007bf0dff170): RedefineClasses, mode: safepoint, requested by thread 0x0000025396d2d250, redefining class CA_UsePrintf



---------------  P R O C E S S  ---------------

Threads class SMR info:
_java_thread_list=0x00000253972dd370, length=14, elements={
0x00000253fbf96150, 0x0000025396206270, 0x0000025396206c50, 0x0000025396a82920,
0x0000025396a831e0, 0x0000025396a83aa0, 0x0000025396a30030, 0x0000025396a5a710,
0x0000025396a5b7f0, 0x0000025396c04430, 0x0000025396d2d250, 0x0000025396d370c0,
0x0000025396d3b5d0, 0x00000253972f9630
}

Java Threads: ( => current thread )
  0x00000253fbf96150 JavaThread "main" [_thread_blocked, id=16628, stack(0x0000007befd00000,0x0000007befe00000)]
  0x0000025396206270 JavaThread "Reference Handler" daemon [_thread_blocked, id=14048, stack(0x0000007bf0400000,0x0000007bf0500000)]
  0x0000025396206c50 JavaThread "Finalizer" daemon [_thread_blocked, id=7948, stack(0x0000007bf0500000,0x0000007bf0600000)]
  0x0000025396a82920 JavaThread "Signal Dispatcher" daemon [_thread_blocked, id=16988, stack(0x0000007bf0600000,0x0000007bf0700000)]
  0x0000025396a831e0 JavaThread "Attach Listener" daemon [_thread_blocked, id=12796, stack(0x0000007bf0700000,0x0000007bf0800000)]
  0x0000025396a83aa0 JavaThread "Service Thread" daemon [_thread_blocked, id=5596, stack(0x0000007bf0800000,0x0000007bf0900000)]
  0x0000025396a30030 JavaThread "C2 CompilerThread0" daemon [_thread_blocked, id=14256, stack(0x0000007bf0900000,0x0000007bf0a00000)]
  0x0000025396a5a710 JavaThread "C1 CompilerThread0" daemon [_thread_blocked, id=1096, stack(0x0000007bf0a00000,0x0000007bf0b00000)]
  0x0000025396a5b7f0 JavaThread "Sweeper thread" daemon [_thread_blocked, id=16832, stack(0x0000007bf0b00000,0x0000007bf0c00000)]
  0x0000025396c04430 JavaThread "Common-Cleaner" daemon [_thread_blocked, id=13280, stack(0x0000007bf0c00000,0x0000007bf0d00000)]
  0x0000025396d2d250 JavaThread "JDWP Transport Listener: dt_socket" daemon [_thread_blocked, id=13380, stack(0x0000007bf0d00000,0x0000007bf0e00000)]
  0x0000025396d370c0 JavaThread "JDWP Event Helper Thread" daemon [_thread_blocked, id=12292, stack(0x0000007bf0e00000,0x0000007bf0f00000)]
  0x0000025396d3b5d0 JavaThread "JDWP Command Reader" daemon [_thread_in_native, id=16540, stack(0x0000007bf0f00000,0x0000007bf1000000)]
  0x00000253972f9630 JavaThread "Notification Thread" daemon [_thread_blocked, id=15684, stack(0x0000007bf1000000,0x0000007bf1100000)]

Other Threads:
=>0x0000025396a1d6d0 VMThread "VM Thread" [stack: 0x0000007bf0300000,0x0000007bf0400000] [id=15160]
  0x00000253fbf97110 WatcherThread [stack: 0x0000007bf1100000,0x0000007bf1200000] [id=13528]
  0x00000253fbfd6760 GCTaskThread "GC Thread#0" [stack: 0x0000007befe00000,0x0000007beff00000] [id=15320]
  0x00000253fbfe9a80 ConcurrentGCThread "G1 Main Marker" [stack: 0x0000007beff00000,0x0000007bf0000000] [id=16332]
  0x00000253fbfea480 ConcurrentGCThread "G1 Conc#0" [stack: 0x0000007bf0000000,0x0000007bf0100000] [id=4768]
  0x00000253fc053880 ConcurrentGCThread "G1 Refine#0" [stack: 0x0000007bf0100000,0x0000007bf0200000] [id=8636]
  0x00000253fc054290 ConcurrentGCThread "G1 Young RemSet Sampling" [stack: 0x0000007bf0200000,0x0000007bf0300000] [id=11588]

Threads with active compile tasks:
C1 CompilerThread0  3331557  413       3       java.lang.StringUTF16::compress (20 bytes)

VM state: at safepoint (normal execution)

VM Mutex/Monitor currently owned by a thread:  ([mutex/lock_event])
[0x00000253fbf93770] Threads_lock - owner thread: 0x0000025396a1d6d0

Heap address: 0x0000000082400000, size: 2012 MB, Compressed Oops mode: 32-bit
CDS disabled.
Compressed class space mapped at: 0x0000000100000000-0x0000000140000000, size: 1073741824
Narrow klass base: 0x0000000000000000, Narrow klass shift: 3, Narrow klass range: 0x140000000

GC Precious Log:
 CPUs: 8 total, 8 available
 Memory: 8044M
 Large Page Support: Disabled
 NUMA Support: Disabled
 Compressed Oops: Enabled (32-bit)
 Heap Region Size: 1M
 Heap Min Capacity: 8M
 Heap Initial Capacity: 126M
 Heap Max Capacity: 2012M
 Pre-touch: Disabled
 Parallel Workers: 8
 Concurrent Workers: 2
 Concurrent Refinement Workers: 8
 Periodic GC: Disabled

Heap:
 garbage-first heap   total 129024K, used 4096K [0x0000000082400000, 0x0000000100000000)
  region size 1024K, 5 young (5120K), 0 survivors (0K)
 Metaspace       used 9276K, capacity 9374K, committed 9600K, reserved 1058816K
  class space    used 788K, capacity 821K, committed 896K, reserved 1048576K

Heap Regions: E=young(eden), S=young(survivor), O=old, HS=humongous(starts), HC=humongous(continues), CS=collection set, F=free, OA=open archive, CA=closed archive, TAMS=top-at-mark-start (previous, next)
|   0|0x0000000082400000, 0x0000000082400000, 0x0000000082500000|  0%| F|  |TAMS 0x0000000082400000, 0x0000000082400000| Untracked 
|   1|0x0000000082500000, 0x0000000082500000, 0x0000000082600000|  0%| F|  |TAMS 0x0000000082500000, 0x0000000082500000| Untracked 
|   2|0x0000000082600000, 0x0000000082600000, 0x0000000082700000|  0%| F|  |TAMS 0x0000000082600000, 0x0000000082600000| Untracked 
|   3|0x0000000082700000, 0x0000000082700000, 0x0000000082800000|  0%| F|  |TAMS 0x0000000082700000, 0x0000000082700000| Untracked 
|   4|0x0000000082800000, 0x0000000082800000, 0x0000000082900000|  0%| F|  |TAMS 0x0000000082800000, 0x0000000082800000| Untracked 
|   5|0x0000000082900000, 0x0000000082900000, 0x0000000082a00000|  0%| F|  |TAMS 0x0000000082900000, 0x0000000082900000| Untracked 
|   6|0x0000000082a00000, 0x0000000082a00000, 0x0000000082b00000|  0%| F|  |TAMS 0x0000000082a00000, 0x0000000082a00000| Untracked 
|   7|0x0000000082b00000, 0x0000000082b00000, 0x0000000082c00000|  0%| F|  |TAMS 0x0000000082b00000, 0x0000000082b00000| Untracked 
|   8|0x0000000082c00000, 0x0000000082c00000, 0x0000000082d00000|  0%| F|  |TAMS 0x0000000082c00000, 0x0000000082c00000| Untracked 
|   9|0x0000000082d00000, 0x0000000082d00000, 0x0000000082e00000|  0%| F|  |TAMS 0x0000000082d00000, 0x0000000082d00000| Untracked 
|  10|0x0000000082e00000, 0x0000000082e00000, 0x0000000082f00000|  0%| F|  |TAMS 0x0000000082e00000, 0x0000000082e00000| Untracked 
|  11|0x0000000082f00000, 0x0000000082f00000, 0x0000000083000000|  0%| F|  |TAMS 0x0000000082f00000, 0x0000000082f00000| Untracked 
|  12|0x0000000083000000, 0x0000000083000000, 0x0000000083100000|  0%| F|  |TAMS 0x0000000083000000, 0x0000000083000000| Untracked 
|  13|0x0000000083100000, 0x0000000083100000, 0x0000000083200000|  0%| F|  |TAMS 0x0000000083100000, 0x0000000083100000| Untracked 
|  14|0x0000000083200000, 0x0000000083200000, 0x0000000083300000|  0%| F|  |TAMS 0x0000000083200000, 0x0000000083200000| Untracked 
|  15|0x0000000083300000, 0x0000000083300000, 0x0000000083400000|  0%| F|  |TAMS 0x0000000083300000, 0x0000000083300000| Untracked 
|  16|0x0000000083400000, 0x0000000083400000, 0x0000000083500000|  0%| F|  |TAMS 0x0000000083400000, 0x0000000083400000| Untracked 
|  17|0x0000000083500000, 0x0000000083500000, 0x0000000083600000|  0%| F|  |TAMS 0x0000000083500000, 0x0000000083500000| Untracked 
|  18|0x0000000083600000, 0x0000000083600000, 0x0000000083700000|  0%| F|  |TAMS 0x0000000083600000, 0x0000000083600000| Untracked 
|  19|0x0000000083700000, 0x0000000083700000, 0x0000000083800000|  0%| F|  |TAMS 0x0000000083700000, 0x0000000083700000| Untracked 
|  20|0x0000000083800000, 0x0000000083800000, 0x0000000083900000|  0%| F|  |TAMS 0x0000000083800000, 0x0000000083800000| Untracked 
|  21|0x0000000083900000, 0x0000000083900000, 0x0000000083a00000|  0%| F|  |TAMS 0x0000000083900000, 0x0000000083900000| Untracked 
|  22|0x0000000083a00000, 0x0000000083a00000, 0x0000000083b00000|  0%| F|  |TAMS 0x0000000083a00000, 0x0000000083a00000| Untracked 
|  23|0x0000000083b00000, 0x0000000083b00000, 0x0000000083c00000|  0%| F|  |TAMS 0x0000000083b00000, 0x0000000083b00000| Untracked 
|  24|0x0000000083c00000, 0x0000000083c00000, 0x0000000083d00000|  0%| F|  |TAMS 0x0000000083c00000, 0x0000000083c00000| Untracked 
|  25|0x0000000083d00000, 0x0000000083d00000, 0x0000000083e00000|  0%| F|  |TAMS 0x0000000083d00000, 0x0000000083d00000| Untracked 
|  26|0x0000000083e00000, 0x0000000083e00000, 0x0000000083f00000|  0%| F|  |TAMS 0x0000000083e00000, 0x0000000083e00000| Untracked 
|  27|0x0000000083f00000, 0x0000000083f00000, 0x0000000084000000|  0%| F|  |TAMS 0x0000000083f00000, 0x0000000083f00000| Untracked 
|  28|0x0000000084000000, 0x0000000084000000, 0x0000000084100000|  0%| F|  |TAMS 0x0000000084000000, 0x0000000084000000| Untracked 
|  29|0x0000000084100000, 0x0000000084100000, 0x0000000084200000|  0%| F|  |TAMS 0x0000000084100000, 0x0000000084100000| Untracked 
|  30|0x0000000084200000, 0x0000000084200000, 0x0000000084300000|  0%| F|  |TAMS 0x0000000084200000, 0x0000000084200000| Untracked 
|  31|0x0000000084300000, 0x0000000084300000, 0x0000000084400000|  0%| F|  |TAMS 0x0000000084300000, 0x0000000084300000| Untracked 
|  32|0x0000000084400000, 0x0000000084400000, 0x0000000084500000|  0%| F|  |TAMS 0x0000000084400000, 0x0000000084400000| Untracked 
|  33|0x0000000084500000, 0x0000000084500000, 0x0000000084600000|  0%| F|  |TAMS 0x0000000084500000, 0x0000000084500000| Untracked 
|  34|0x0000000084600000, 0x0000000084600000, 0x0000000084700000|  0%| F|  |TAMS 0x0000000084600000, 0x0000000084600000| Untracked 
|  35|0x0000000084700000, 0x0000000084700000, 0x0000000084800000|  0%| F|  |TAMS 0x0000000084700000, 0x0000000084700000| Untracked 
|  36|0x0000000084800000, 0x0000000084800000, 0x0000000084900000|  0%| F|  |TAMS 0x0000000084800000, 0x0000000084800000| Untracked 
|  37|0x0000000084900000, 0x0000000084900000, 0x0000000084a00000|  0%| F|  |TAMS 0x0000000084900000, 0x0000000084900000| Untracked 
|  38|0x0000000084a00000, 0x0000000084a00000, 0x0000000084b00000|  0%| F|  |TAMS 0x0000000084a00000, 0x0000000084a00000| Untracked 
|  39|0x0000000084b00000, 0x0000000084b00000, 0x0000000084c00000|  0%| F|  |TAMS 0x0000000084b00000, 0x0000000084b00000| Untracked 
|  40|0x0000000084c00000, 0x0000000084c00000, 0x0000000084d00000|  0%| F|  |TAMS 0x0000000084c00000, 0x0000000084c00000| Untracked 
|  41|0x0000000084d00000, 0x0000000084d00000, 0x0000000084e00000|  0%| F|  |TAMS 0x0000000084d00000, 0x0000000084d00000| Untracked 
|  42|0x0000000084e00000, 0x0000000084e00000, 0x0000000084f00000|  0%| F|  |TAMS 0x0000000084e00000, 0x0000000084e00000| Untracked 
|  43|0x0000000084f00000, 0x0000000084f00000, 0x0000000085000000|  0%| F|  |TAMS 0x0000000084f00000, 0x0000000084f00000| Untracked 
|  44|0x0000000085000000, 0x0000000085000000, 0x0000000085100000|  0%| F|  |TAMS 0x0000000085000000, 0x0000000085000000| Untracked 
|  45|0x0000000085100000, 0x0000000085100000, 0x0000000085200000|  0%| F|  |TAMS 0x0000000085100000, 0x0000000085100000| Untracked 
|  46|0x0000000085200000, 0x0000000085200000, 0x0000000085300000|  0%| F|  |TAMS 0x0000000085200000, 0x0000000085200000| Untracked 
|  47|0x0000000085300000, 0x0000000085300000, 0x0000000085400000|  0%| F|  |TAMS 0x0000000085300000, 0x0000000085300000| Untracked 
|  48|0x0000000085400000, 0x0000000085400000, 0x0000000085500000|  0%| F|  |TAMS 0x0000000085400000, 0x0000000085400000| Untracked 
|  49|0x0000000085500000, 0x0000000085500000, 0x0000000085600000|  0%| F|  |TAMS 0x0000000085500000, 0x0000000085500000| Untracked 
|  50|0x0000000085600000, 0x0000000085600000, 0x0000000085700000|  0%| F|  |TAMS 0x0000000085600000, 0x0000000085600000| Untracked 
|  51|0x0000000085700000, 0x0000000085700000, 0x0000000085800000|  0%| F|  |TAMS 0x0000000085700000, 0x0000000085700000| Untracked 
|  52|0x0000000085800000, 0x0000000085800000, 0x0000000085900000|  0%| F|  |TAMS 0x0000000085800000, 0x0000000085800000| Untracked 
|  53|0x0000000085900000, 0x0000000085900000, 0x0000000085a00000|  0%| F|  |TAMS 0x0000000085900000, 0x0000000085900000| Untracked 
|  54|0x0000000085a00000, 0x0000000085a00000, 0x0000000085b00000|  0%| F|  |TAMS 0x0000000085a00000, 0x0000000085a00000| Untracked 
|  55|0x0000000085b00000, 0x0000000085b00000, 0x0000000085c00000|  0%| F|  |TAMS 0x0000000085b00000, 0x0000000085b00000| Untracked 
|  56|0x0000000085c00000, 0x0000000085c00000, 0x0000000085d00000|  0%| F|  |TAMS 0x0000000085c00000, 0x0000000085c00000| Untracked 
|  57|0x0000000085d00000, 0x0000000085d00000, 0x0000000085e00000|  0%| F|  |TAMS 0x0000000085d00000, 0x0000000085d00000| Untracked 
|  58|0x0000000085e00000, 0x0000000085e00000, 0x0000000085f00000|  0%| F|  |TAMS 0x0000000085e00000, 0x0000000085e00000| Untracked 
|  59|0x0000000085f00000, 0x0000000085f00000, 0x0000000086000000|  0%| F|  |TAMS 0x0000000085f00000, 0x0000000085f00000| Untracked 
|  60|0x0000000086000000, 0x0000000086000000, 0x0000000086100000|  0%| F|  |TAMS 0x0000000086000000, 0x0000000086000000| Untracked 
|  61|0x0000000086100000, 0x0000000086100000, 0x0000000086200000|  0%| F|  |TAMS 0x0000000086100000, 0x0000000086100000| Untracked 
|  62|0x0000000086200000, 0x0000000086200000, 0x0000000086300000|  0%| F|  |TAMS 0x0000000086200000, 0x0000000086200000| Untracked 
|  63|0x0000000086300000, 0x0000000086300000, 0x0000000086400000|  0%| F|  |TAMS 0x0000000086300000, 0x0000000086300000| Untracked 
|  64|0x0000000086400000, 0x0000000086400000, 0x0000000086500000|  0%| F|  |TAMS 0x0000000086400000, 0x0000000086400000| Untracked 
|  65|0x0000000086500000, 0x0000000086500000, 0x0000000086600000|  0%| F|  |TAMS 0x0000000086500000, 0x0000000086500000| Untracked 
|  66|0x0000000086600000, 0x0000000086600000, 0x0000000086700000|  0%| F|  |TAMS 0x0000000086600000, 0x0000000086600000| Untracked 
|  67|0x0000000086700000, 0x0000000086700000, 0x0000000086800000|  0%| F|  |TAMS 0x0000000086700000, 0x0000000086700000| Untracked 
|  68|0x0000000086800000, 0x0000000086800000, 0x0000000086900000|  0%| F|  |TAMS 0x0000000086800000, 0x0000000086800000| Untracked 
|  69|0x0000000086900000, 0x0000000086900000, 0x0000000086a00000|  0%| F|  |TAMS 0x0000000086900000, 0x0000000086900000| Untracked 
|  70|0x0000000086a00000, 0x0000000086a00000, 0x0000000086b00000|  0%| F|  |TAMS 0x0000000086a00000, 0x0000000086a00000| Untracked 
|  71|0x0000000086b00000, 0x0000000086b00000, 0x0000000086c00000|  0%| F|  |TAMS 0x0000000086b00000, 0x0000000086b00000| Untracked 
|  72|0x0000000086c00000, 0x0000000086c00000, 0x0000000086d00000|  0%| F|  |TAMS 0x0000000086c00000, 0x0000000086c00000| Untracked 
|  73|0x0000000086d00000, 0x0000000086d00000, 0x0000000086e00000|  0%| F|  |TAMS 0x0000000086d00000, 0x0000000086d00000| Untracked 
|  74|0x0000000086e00000, 0x0000000086e00000, 0x0000000086f00000|  0%| F|  |TAMS 0x0000000086e00000, 0x0000000086e00000| Untracked 
|  75|0x0000000086f00000, 0x0000000086f00000, 0x0000000087000000|  0%| F|  |TAMS 0x0000000086f00000, 0x0000000086f00000| Untracked 
|  76|0x0000000087000000, 0x0000000087000000, 0x0000000087100000|  0%| F|  |TAMS 0x0000000087000000, 0x0000000087000000| Untracked 
|  77|0x0000000087100000, 0x0000000087100000, 0x0000000087200000|  0%| F|  |TAMS 0x0000000087100000, 0x0000000087100000| Untracked 
|  78|0x0000000087200000, 0x0000000087200000, 0x0000000087300000|  0%| F|  |TAMS 0x0000000087200000, 0x0000000087200000| Untracked 
|  79|0x0000000087300000, 0x0000000087300000, 0x0000000087400000|  0%| F|  |TAMS 0x0000000087300000, 0x0000000087300000| Untracked 
|  80|0x0000000087400000, 0x0000000087400000, 0x0000000087500000|  0%| F|  |TAMS 0x0000000087400000, 0x0000000087400000| Untracked 
|  81|0x0000000087500000, 0x0000000087500000, 0x0000000087600000|  0%| F|  |TAMS 0x0000000087500000, 0x0000000087500000| Untracked 
|  82|0x0000000087600000, 0x0000000087600000, 0x0000000087700000|  0%| F|  |TAMS 0x0000000087600000, 0x0000000087600000| Untracked 
|  83|0x0000000087700000, 0x0000000087700000, 0x0000000087800000|  0%| F|  |TAMS 0x0000000087700000, 0x0000000087700000| Untracked 
|  84|0x0000000087800000, 0x0000000087800000, 0x0000000087900000|  0%| F|  |TAMS 0x0000000087800000, 0x0000000087800000| Untracked 
|  85|0x0000000087900000, 0x0000000087900000, 0x0000000087a00000|  0%| F|  |TAMS 0x0000000087900000, 0x0000000087900000| Untracked 
|  86|0x0000000087a00000, 0x0000000087a00000, 0x0000000087b00000|  0%| F|  |TAMS 0x0000000087a00000, 0x0000000087a00000| Untracked 
|  87|0x0000000087b00000, 0x0000000087b00000, 0x0000000087c00000|  0%| F|  |TAMS 0x0000000087b00000, 0x0000000087b00000| Untracked 
|  88|0x0000000087c00000, 0x0000000087c00000, 0x0000000087d00000|  0%| F|  |TAMS 0x0000000087c00000, 0x0000000087c00000| Untracked 
|  89|0x0000000087d00000, 0x0000000087d00000, 0x0000000087e00000|  0%| F|  |TAMS 0x0000000087d00000, 0x0000000087d00000| Untracked 
|  90|0x0000000087e00000, 0x0000000087e00000, 0x0000000087f00000|  0%| F|  |TAMS 0x0000000087e00000, 0x0000000087e00000| Untracked 
|  91|0x0000000087f00000, 0x0000000087f00000, 0x0000000088000000|  0%| F|  |TAMS 0x0000000087f00000, 0x0000000087f00000| Untracked 
|  92|0x0000000088000000, 0x0000000088000000, 0x0000000088100000|  0%| F|  |TAMS 0x0000000088000000, 0x0000000088000000| Untracked 
|  93|0x0000000088100000, 0x0000000088100000, 0x0000000088200000|  0%| F|  |TAMS 0x0000000088100000, 0x0000000088100000| Untracked 
|  94|0x0000000088200000, 0x0000000088200000, 0x0000000088300000|  0%| F|  |TAMS 0x0000000088200000, 0x0000000088200000| Untracked 
|  95|0x0000000088300000, 0x0000000088300000, 0x0000000088400000|  0%| F|  |TAMS 0x0000000088300000, 0x0000000088300000| Untracked 
|  96|0x0000000088400000, 0x0000000088400000, 0x0000000088500000|  0%| F|  |TAMS 0x0000000088400000, 0x0000000088400000| Untracked 
|  97|0x0000000088500000, 0x0000000088500000, 0x0000000088600000|  0%| F|  |TAMS 0x0000000088500000, 0x0000000088500000| Untracked 
|  98|0x0000000088600000, 0x0000000088600000, 0x0000000088700000|  0%| F|  |TAMS 0x0000000088600000, 0x0000000088600000| Untracked 
|  99|0x0000000088700000, 0x0000000088700000, 0x0000000088800000|  0%| F|  |TAMS 0x0000000088700000, 0x0000000088700000| Untracked 
| 100|0x0000000088800000, 0x0000000088800000, 0x0000000088900000|  0%| F|  |TAMS 0x0000000088800000, 0x0000000088800000| Untracked 
| 101|0x0000000088900000, 0x0000000088900000, 0x0000000088a00000|  0%| F|  |TAMS 0x0000000088900000, 0x0000000088900000| Untracked 
| 102|0x0000000088a00000, 0x0000000088a00000, 0x0000000088b00000|  0%| F|  |TAMS 0x0000000088a00000, 0x0000000088a00000| Untracked 
| 103|0x0000000088b00000, 0x0000000088b00000, 0x0000000088c00000|  0%| F|  |TAMS 0x0000000088b00000, 0x0000000088b00000| Untracked 
| 104|0x0000000088c00000, 0x0000000088c00000, 0x0000000088d00000|  0%| F|  |TAMS 0x0000000088c00000, 0x0000000088c00000| Untracked 
| 105|0x0000000088d00000, 0x0000000088d00000, 0x0000000088e00000|  0%| F|  |TAMS 0x0000000088d00000, 0x0000000088d00000| Untracked 
| 106|0x0000000088e00000, 0x0000000088e00000, 0x0000000088f00000|  0%| F|  |TAMS 0x0000000088e00000, 0x0000000088e00000| Untracked 
| 107|0x0000000088f00000, 0x0000000088f00000, 0x0000000089000000|  0%| F|  |TAMS 0x0000000088f00000, 0x0000000088f00000| Untracked 
| 108|0x0000000089000000, 0x0000000089000000, 0x0000000089100000|  0%| F|  |TAMS 0x0000000089000000, 0x0000000089000000| Untracked 
| 109|0x0000000089100000, 0x0000000089100000, 0x0000000089200000|  0%| F|  |TAMS 0x0000000089100000, 0x0000000089100000| Untracked 
| 110|0x0000000089200000, 0x0000000089200000, 0x0000000089300000|  0%| F|  |TAMS 0x0000000089200000, 0x0000000089200000| Untracked 
| 111|0x0000000089300000, 0x0000000089300000, 0x0000000089400000|  0%| F|  |TAMS 0x0000000089300000, 0x0000000089300000| Untracked 
| 112|0x0000000089400000, 0x0000000089400000, 0x0000000089500000|  0%| F|  |TAMS 0x0000000089400000, 0x0000000089400000| Untracked 
| 113|0x0000000089500000, 0x0000000089500000, 0x0000000089600000|  0%| F|  |TAMS 0x0000000089500000, 0x0000000089500000| Untracked 
| 114|0x0000000089600000, 0x0000000089600000, 0x0000000089700000|  0%| F|  |TAMS 0x0000000089600000, 0x0000000089600000| Untracked 
| 115|0x0000000089700000, 0x0000000089700000, 0x0000000089800000|  0%| F|  |TAMS 0x0000000089700000, 0x0000000089700000| Untracked 
| 116|0x0000000089800000, 0x0000000089800000, 0x0000000089900000|  0%| F|  |TAMS 0x0000000089800000, 0x0000000089800000| Untracked 
| 117|0x0000000089900000, 0x0000000089900000, 0x0000000089a00000|  0%| F|  |TAMS 0x0000000089900000, 0x0000000089900000| Untracked 
| 118|0x0000000089a00000, 0x0000000089a00000, 0x0000000089b00000|  0%| F|  |TAMS 0x0000000089a00000, 0x0000000089a00000| Untracked 
| 119|0x0000000089b00000, 0x0000000089b00000, 0x0000000089c00000|  0%| F|  |TAMS 0x0000000089b00000, 0x0000000089b00000| Untracked 
| 120|0x0000000089c00000, 0x0000000089c00000, 0x0000000089d00000|  0%| F|  |TAMS 0x0000000089c00000, 0x0000000089c00000| Untracked 
| 121|0x0000000089d00000, 0x0000000089e00000, 0x0000000089e00000|100%| E|  |TAMS 0x0000000089d00000, 0x0000000089d00000| Complete 
| 122|0x0000000089e00000, 0x0000000089f00000, 0x0000000089f00000|100%| E|CS|TAMS 0x0000000089e00000, 0x0000000089e00000| Complete 
| 123|0x0000000089f00000, 0x000000008a000000, 0x000000008a000000|100%| E|CS|TAMS 0x0000000089f00000, 0x0000000089f00000| Complete 
| 124|0x000000008a000000, 0x000000008a100000, 0x000000008a100000|100%| E|CS|TAMS 0x000000008a000000, 0x000000008a000000| Complete 
| 125|0x000000008a100000, 0x000000008a200000, 0x000000008a200000|100%| E|CS|TAMS 0x000000008a100000, 0x000000008a100000| Complete 

Card table byte_map: [0x000002538f3f0000,0x000002538f7e0000] _byte_map_base: 0x000002538efde000

Marking Bits (Prev, Next): (CMBitMap*) 0x00000253fbfd7df0, (CMBitMap*) 0x00000253fbfd7e30
 Prev Bits: [0x000002538fbd0000, 0x0000025391b40000)
 Next Bits: [0x0000025391b40000, 0x0000025393ab0000)

Polling page: 0x00000253f9e10000

Metaspace:

Usage:
  Non-class:      8.35 MB capacity,     8.29 MB (>99%) used,    59.50 KB ( <1%) free+waste,     5.44 KB ( <1%) overhead. 
      Class:    821.00 KB capacity,   788.41 KB ( 96%) used,    30.90 KB (  4%) free+waste,     1.69 KB ( <1%) overhead. 
       Both:      9.15 MB capacity,     9.06 MB ( 99%) used,    90.40 KB ( <1%) free+waste,     7.13 KB ( <1%) overhead. 

Virtual space:
  Non-class space:       10.00 MB reserved,       8.50 MB ( 85%) committed 
      Class space:        1.00 GB reserved,     896.00 KB ( <1%) committed 
             Both:        1.01 GB reserved,       9.38 MB ( <1%) committed 

Chunk freelists:
   Non-Class:  23.00 KB
       Class:  11.00 KB
        Both:  34.00 KB

MaxMetaspaceSize: 17179869184.00 GB
CompressedClassSpaceSize: 1.00 GB

CodeHeap 'non-profiled nmethods': size=120000Kb used=127Kb max_used=127Kb free=119872Kb
 bounds [0x0000025387ad0000, 0x0000025387d40000, 0x000002538f000000]
CodeHeap 'profiled nmethods': size=120000Kb used=543Kb max_used=543Kb free=119456Kb
 bounds [0x00000253805a0000, 0x0000025380810000, 0x0000025387ad0000]
CodeHeap 'non-nmethods': size=5760Kb used=1226Kb max_used=1245Kb free=4533Kb
 bounds [0x0000025380000000, 0x0000025380270000, 0x00000253805a0000]
 total_blobs=802 nmethods=412 adapters=303
 compilation: enabled
              stopped_count=0, restarted_count=0
 full_count=0

Compilation events (20 events):
Event: 0.330 Thread 0x0000025396a5a710  407       3       java.lang.StringConcatHelper::mix (27 bytes)
Event: 0.330 Thread 0x0000025396a5a710 nmethod 407 0x0000025380626410 code [0x0000025380626600, 0x0000025380626a28]
Event: 0.330 Thread 0x0000025396a5a710  408       3       java.lang.reflect.Modifier::isProtected (12 bytes)
Event: 0.331 Thread 0x0000025396a5a710 nmethod 408 0x0000025380626c10 code [0x0000025380626da0, 0x0000025380626ed8]
Event: 0.331 Thread 0x0000025396a30030 nmethod 390% 0x0000025387aecc10 code [0x0000025387aecdc0, 0x0000025387aedb18]
Event: 0.331 Thread 0x0000025396a30030  393       4       sun.security.provider.SHA2::lf_sigma1 (21 bytes)
Event: 0.331 Thread 0x0000025396a5a710  409       3       java.lang.Character::toLowerCase (9 bytes)
Event: 0.332 Thread 0x0000025396a5a710 nmethod 409 0x0000025380626f90 code [0x0000025380627140, 0x0000025380627318]
Event: 0.332 Thread 0x0000025396a30030 nmethod 393 0x0000025387aede90 code [0x0000025387aee000, 0x0000025387aee058]
Event: 0.332 Thread 0x0000025396a30030  410       4       sun.security.provider.SHA2::implCompress0 (322 bytes)
Event: 0.347 Thread 0x0000025396a30030 nmethod 410 0x0000025387aee190 code [0x0000025387aee340, 0x0000025387aeef78]
Event: 0.347 Thread 0x0000025396a30030  394       4       sun.security.provider.SHA2::lf_sigma0 (20 bytes)
Event: 0.347 Thread 0x0000025396a30030 nmethod 394 0x0000025387aef210 code [0x0000025387aef380, 0x0000025387aef3d8]
Event: 0.347 Thread 0x0000025396a30030  371       4       java.lang.StringLatin1::newString (24 bytes)
Event: 0.349 Thread 0x0000025396a30030 nmethod 371 0x0000025387aef510 code [0x0000025387aef6a0, 0x0000025387aefa78]
Event: 2938.331 Thread 0x0000025396a5a710  411       3       org.eclipse.jdt.launching.internal.org.objectweb.asm.ClassReader::readUnsignedShort (26 bytes)
Event: 2938.331 Thread 0x0000025396a5a710 nmethod 411 0x0000025380627410 code [0x00000253806275a0, 0x00000253806276f8]
Event: 3331.468 Thread 0x0000025396a5a710  412       3       java.lang.String::<init> (74 bytes)
Event: 3331.468 Thread 0x0000025396a5a710 nmethod 412 0x0000025380627810 code [0x00000253806279e0, 0x0000025380627db8]
Event: 3331.469 Thread 0x0000025396a5a710  413       3       java.lang.StringUTF16::compress (20 bytes)

GC Heap History (0 events):
No events

Deoptimization events (20 events):
Event: 0.321 Thread 0x00000253fbf96150 DEOPT PACKING pc=0x0000025380611fac sp=0x0000007befdf80f0
Event: 0.321 Thread 0x00000253fbf96150 DEOPT UNPACKING pc=0x000002538004e23f sp=0x0000007befdf75b8 mode 0
Event: 0.322 Thread 0x00000253fbf96150 DEOPT PACKING pc=0x0000025380611fac sp=0x0000007befdf80f0
Event: 0.322 Thread 0x00000253fbf96150 DEOPT UNPACKING pc=0x000002538004e23f sp=0x0000007befdf75b8 mode 0
Event: 0.324 Thread 0x00000253fbf96150 DEOPT PACKING pc=0x0000025380611fac sp=0x0000007befdfbbd0
Event: 0.324 Thread 0x00000253fbf96150 DEOPT UNPACKING pc=0x000002538004e23f sp=0x0000007befdfb098 mode 0
Event: 0.324 Thread 0x00000253fbf96150 DEOPT PACKING pc=0x0000025380611fac sp=0x0000007befdfbbd0
Event: 0.324 Thread 0x00000253fbf96150 DEOPT UNPACKING pc=0x000002538004e23f sp=0x0000007befdfb098 mode 0
Event: 0.324 Thread 0x00000253fbf96150 DEOPT PACKING pc=0x0000025380611fac sp=0x0000007befdfbbd0
Event: 0.324 Thread 0x00000253fbf96150 DEOPT UNPACKING pc=0x000002538004e23f sp=0x0000007befdfb098 mode 0
Event: 0.324 Thread 0x00000253fbf96150 DEOPT PACKING pc=0x0000025380611fac sp=0x0000007befdfbbd0
Event: 0.324 Thread 0x00000253fbf96150 DEOPT UNPACKING pc=0x000002538004e23f sp=0x0000007befdfb098 mode 0
Event: 0.331 Thread 0x00000253fbf96150 DEOPT PACKING pc=0x0000025380611fac sp=0x0000007befdf7ce0
Event: 0.331 Thread 0x00000253fbf96150 DEOPT UNPACKING pc=0x000002538004e23f sp=0x0000007befdf71a8 mode 0
Event: 0.331 Thread 0x00000253fbf96150 DEOPT PACKING pc=0x0000025380611fac sp=0x0000007befdf7ce0
Event: 0.331 Thread 0x00000253fbf96150 DEOPT UNPACKING pc=0x000002538004e23f sp=0x0000007befdf71a8 mode 0
Event: 0.331 Thread 0x00000253fbf96150 DEOPT PACKING pc=0x0000025380611fac sp=0x0000007befdf7ce0
Event: 0.331 Thread 0x00000253fbf96150 DEOPT UNPACKING pc=0x000002538004e23f sp=0x0000007befdf71a8 mode 0
Event: 0.332 Thread 0x00000253fbf96150 DEOPT PACKING pc=0x00000253806121e1 sp=0x0000007befdf7ce0
Event: 0.332 Thread 0x00000253fbf96150 DEOPT UNPACKING pc=0x000002538004e23f sp=0x0000007befdf71a8 mode 0

Classes unloaded (0 events):
No events

Classes redefined (3 events):
Event: 7.776 Thread 0x0000025396a1d6d0 redefined class name=CA_UsePrintf, count=1
Event: 2938.332 Thread 0x0000025396a1d6d0 redefined class name=CA_UsePrintf, count=2
Event: 3331.470 Thread 0x0000025396a1d6d0 redefined class name=CA_UsePrintf, count=3

Internal exceptions (3 events):
Event: 0.233 Thread 0x00000253fbf96150 Exception <a 'java/lang/NoSuchMethodError'{0x000000008a0e7020}: 'void java.lang.invoke.DirectMethodHandle$Holder.invokeStatic(java.lang.Object, java.lang.Object)'> (0x000000008a0e7020) 
thrown [./open/src/hotspot/share/interpreter/linkResolver.cpp, line 782]
Event: 0.233 Thread 0x00000253fbf96150 Exception <a 'java/lang/NoSuchMethodError'{0x000000008a0eacc8}: 'void java.lang.invoke.DirectMethodHandle$Holder.invokeStaticInit(java.lang.Object, java.lang.Object)'> (0x000000008a0eacc8) 
thrown [./open/src/hotspot/share/interpreter/linkResolver.cpp, line 782]
Event: 0.304 Thread 0x00000253fbf96150 Exception <a 'java/lang/NoSuchMethodError'{0x0000000089edf920}: 'java.lang.Object java.lang.invoke.DirectMethodHandle$Holder.invokeStatic(java.lang.Object)'> (0x0000000089edf920) 
thrown [./open/src/hotspot/share/interpreter/linkResolver.cpp, line 782]

Events (20 events):
Event: 7.779 Executing VM operation: GetStackTrace done
Event: 7.905 Executing VM operation: GetFrameCount
Event: 7.905 Executing VM operation: GetFrameCount done
Event: 2938.331 Executing VM operation: RedefineClasses
Event: 2938.336 Executing VM operation: RedefineClasses done
Event: 2938.336 Executing VM operation: GetFrameCount
Event: 2938.336 Executing VM operation: GetFrameCount done
Event: 2938.336 Executing VM operation: GetStackTrace
Event: 2938.336 Executing VM operation: GetStackTrace done
Event: 2938.798 Executing VM operation: GetFrameCount
Event: 2938.798 Executing VM operation: GetFrameCount done
Event: 3040.344 Executing VM operation: ChangeBreakpoints
Event: 3040.344 Executing VM operation: ChangeBreakpoints done
Event: 3041.521 Executing VM operation: ChangeBreakpoints
Event: 3041.521 Executing VM operation: ChangeBreakpoints done
Event: 3042.682 Executing VM operation: ChangeBreakpoints
Event: 3042.683 Executing VM operation: ChangeBreakpoints done
Event: 3043.222 Executing VM operation: ChangeBreakpoints
Event: 3043.222 Executing VM operation: ChangeBreakpoints done
Event: 3331.469 Executing VM operation: RedefineClasses


Dynamic libraries:
0x00007ff6efbd0000 - 0x00007ff6efbdd000 	C:\java\eclipse\plugins\org.eclipse.justj.openjdk.hotspot.jre.full.win32.x86_64_15.0.1.v20201027-0507\jre\bin\javaw.exe
0x00007ffd742a0000 - 0x00007ffd74490000 	C:\Windows\SYSTEM32\ntdll.dll
0x00007ffd72df0000 - 0x00007ffd72ea2000 	C:\Windows\System32\KERNEL32.DLL
0x00007ffd716c0000 - 0x00007ffd71965000 	C:\Windows\System32\KERNELBASE.dll
0x00007ffd72150000 - 0x00007ffd7224a000 	C:\Windows\System32\ucrtbase.dll
0x00007ffd5ab30000 - 0x00007ffd5ab48000 	C:\java\eclipse\plugins\org.eclipse.justj.openjdk.hotspot.jre.full.win32.x86_64_15.0.1.v20201027-0507\jre\bin\jli.dll
0x00007ffd5ab10000 - 0x00007ffd5ab29000 	C:\java\eclipse\plugins\org.eclipse.justj.openjdk.hotspot.jre.full.win32.x86_64_15.0.1.v20201027-0507\jre\bin\VCRUNTIME140.dll
0x00007ffd72fd0000 - 0x00007ffd73164000 	C:\Windows\System32\USER32.dll
0x00007ffd72300000 - 0x00007ffd72321000 	C:\Windows\System32\win32u.dll
0x00007ffd5d3c0000 - 0x00007ffd5d644000 	C:\Windows\WinSxS\amd64_microsoft.windows.common-controls_6595b64144ccf1df_6.0.18362.1316_none_9e7a364fe461dbd7\COMCTL32.dll
0x00007ffd73250000 - 0x00007ffd73276000 	C:\Windows\System32\GDI32.dll
0x00007ffd72d50000 - 0x00007ffd72dee000 	C:\Windows\System32\msvcrt.dll
0x00007ffd72360000 - 0x00007ffd72697000 	C:\Windows\System32\combase.dll
0x00007ffd712b0000 - 0x00007ffd71448000 	C:\Windows\System32\gdi32full.dll
0x00007ffd72850000 - 0x00007ffd7296f000 	C:\Windows\System32\RPCRT4.dll
0x00007ffd71450000 - 0x00007ffd714ee000 	C:\Windows\System32\msvcp_win.dll
0x00007ffd71220000 - 0x00007ffd712a1000 	C:\Windows\System32\bcryptPrimitives.dll
0x00007ffd733d0000 - 0x00007ffd733fe000 	C:\Windows\System32\IMM32.DLL
0x00007ffd6a070000 - 0x00007ffd6a07c000 	C:\java\eclipse\plugins\org.eclipse.justj.openjdk.hotspot.jre.full.win32.x86_64_15.0.1.v20201027-0507\jre\bin\vcruntime140_1.dll
0x00007ffd47110000 - 0x00007ffd471a1000 	C:\java\eclipse\plugins\org.eclipse.justj.openjdk.hotspot.jre.full.win32.x86_64_15.0.1.v20201027-0507\jre\bin\msvcp140.dll
0x00007ffd54330000 - 0x00007ffd54e8e000 	C:\java\eclipse\plugins\org.eclipse.justj.openjdk.hotspot.jre.full.win32.x86_64_15.0.1.v20201027-0507\jre\bin\server\jvm.dll
0x00007ffd741b0000 - 0x00007ffd74253000 	C:\Windows\System32\ADVAPI32.dll
0x00007ffd72eb0000 - 0x00007ffd72f47000 	C:\Windows\System32\sechost.dll
0x00007ffd73170000 - 0x00007ffd73178000 	C:\Windows\System32\PSAPI.DLL
0x00007ffd6b890000 - 0x00007ffd6b899000 	C:\Windows\SYSTEM32\WSOCK32.dll
0x00007ffd6e940000 - 0x00007ffd6e964000 	C:\Windows\SYSTEM32\WINMM.dll
0x00007ffd6aeb0000 - 0x00007ffd6aeba000 	C:\Windows\SYSTEM32\VERSION.dll
0x00007ffd73280000 - 0x00007ffd732ef000 	C:\Windows\System32\WS2_32.dll
0x00007ffd6e4c0000 - 0x00007ffd6e4ed000 	C:\Windows\SYSTEM32\WINMMBASE.dll
0x00007ffd71520000 - 0x00007ffd7156a000 	C:\Windows\System32\cfgmgr32.dll
0x00007ffd711d0000 - 0x00007ffd711e1000 	C:\Windows\System32\kernel.appcore.dll
0x00007ffd670a0000 - 0x00007ffd670aa000 	C:\java\eclipse\plugins\org.eclipse.justj.openjdk.hotspot.jre.full.win32.x86_64_15.0.1.v20201027-0507\jre\bin\jimage.dll
0x00007ffd6fa50000 - 0x00007ffd6fc44000 	C:\Windows\SYSTEM32\DBGHELP.DLL
0x00007ffd69580000 - 0x00007ffd695aa000 	C:\Windows\SYSTEM32\dbgcore.DLL
0x00007ffd5aad0000 - 0x00007ffd5ab09000 	C:\java\eclipse\plugins\org.eclipse.justj.openjdk.hotspot.jre.full.win32.x86_64_15.0.1.v20201027-0507\jre\bin\jdwp.dll
0x00007ffd64d70000 - 0x00007ffd64d7e000 	C:\java\eclipse\plugins\org.eclipse.justj.openjdk.hotspot.jre.full.win32.x86_64_15.0.1.v20201027-0507\jre\bin\instrument.dll
0x00007ffd639d0000 - 0x00007ffd639f5000 	C:\java\eclipse\plugins\org.eclipse.justj.openjdk.hotspot.jre.full.win32.x86_64_15.0.1.v20201027-0507\jre\bin\java.dll
0x00007ffd639b0000 - 0x00007ffd639c8000 	C:\java\eclipse\plugins\org.eclipse.justj.openjdk.hotspot.jre.full.win32.x86_64_15.0.1.v20201027-0507\jre\bin\zip.dll
0x00007ffd73520000 - 0x00007ffd73c08000 	C:\Windows\System32\SHELL32.dll
0x00007ffd73470000 - 0x00007ffd73517000 	C:\Windows\System32\shcore.dll
0x00007ffd719d0000 - 0x00007ffd7214b000 	C:\Windows\System32\windows.storage.dll
0x00007ffd711f0000 - 0x00007ffd71213000 	C:\Windows\System32\profapi.dll
0x00007ffd71180000 - 0x00007ffd711ca000 	C:\Windows\System32\powrprof.dll
0x00007ffd71150000 - 0x00007ffd71160000 	C:\Windows\System32\UMPDC.dll
0x00007ffd72b50000 - 0x00007ffd72ba2000 	C:\Windows\System32\shlwapi.dll
0x00007ffd72330000 - 0x00007ffd72347000 	C:\Windows\System32\cryptsp.dll
0x00007ffd62d00000 - 0x00007ffd62d0b000 	C:\java\eclipse\plugins\org.eclipse.justj.openjdk.hotspot.jre.full.win32.x86_64_15.0.1.v20201027-0507\jre\bin\dt_socket.dll
0x00007ffd706a0000 - 0x00007ffd706da000 	C:\Windows\SYSTEM32\IPHLPAPI.DLL
0x00007ffd70990000 - 0x00007ffd709f7000 	C:\Windows\system32\mswsock.dll
0x00007ffd706e0000 - 0x00007ffd707ab000 	C:\Windows\SYSTEM32\DNSAPI.dll
0x00007ffd72350000 - 0x00007ffd72358000 	C:\Windows\System32\NSI.dll
0x00007ffd62200000 - 0x00007ffd6220a000 	C:\Windows\System32\rasadhlp.dll
0x00007ffd67740000 - 0x00007ffd677b7000 	C:\Windows\System32\fwpuclnt.dll
0x00007ffd714f0000 - 0x00007ffd71516000 	C:\Windows\System32\bcrypt.dll
0x00007ffd63990000 - 0x00007ffd639a9000 	C:\java\eclipse\plugins\org.eclipse.justj.openjdk.hotspot.jre.full.win32.x86_64_15.0.1.v20201027-0507\jre\bin\net.dll
0x00007ffd63b30000 - 0x00007ffd63c20000 	C:\Windows\SYSTEM32\WINHTTP.dll
0x00007ffd63970000 - 0x00007ffd63982000 	C:\java\eclipse\plugins\org.eclipse.justj.openjdk.hotspot.jre.full.win32.x86_64_15.0.1.v20201027-0507\jre\bin\nio.dll
0x00007ffd64e40000 - 0x00007ffd64e50000 	C:\java\eclipse\plugins\org.eclipse.justj.openjdk.hotspot.jre.full.win32.x86_64_15.0.1.v20201027-0507\jre\bin\verify.dll

dbghelp: loaded successfully - version: 4.0.5 - missing functions: none
symbol engine: initialized successfully - sym options: 0x614 - pdb path: .;C:\java\eclipse\plugins\org.eclipse.justj.openjdk.hotspot.jre.full.win32.x86_64_15.0.1.v20201027-0507\jre\bin;C:\Windows\SYSTEM32;C:\Windows\WinSxS\amd64_microsoft.windows.common-controls_6595b64144ccf1df_6.0.18362.1316_none_9e7a364fe461dbd7;C:\java\eclipse\plugins\org.eclipse.justj.openjdk.hotspot.jre.full.win32.x86_64_15.0.1.v20201027-0507\jre\bin\server

VM Arguments:
jvm_args: -XX:+ShowCodeDetailsInExceptionMessages -agentlib:jdwp=transport=dt_socket,suspend=y,address=localhost:50902 -javaagent:C:\java\eclipse\configuration\org.eclipse.osgi\220\0\.cp\lib\javaagent-shaded.jar -Dfile.encoding=MS949 
java_command: CA_UsePrintf
java_class_path (initial): C:\Users\user\Desktop\jong-eun-lee.github.io\Java\C_VariableAndDataType\bin
Launcher Type: SUN_STANDARD

[Global flags]
     intx CICompilerCount                          = 4                                         {product} {ergonomic}
     uint ConcGCThreads                            = 2                                         {product} {ergonomic}
     uint G1ConcRefinementThreads                  = 8                                         {product} {ergonomic}
   size_t G1HeapRegionSize                         = 1048576                                   {product} {ergonomic}
    uintx GCDrainStackTargetSize                   = 64                                        {product} {ergonomic}
   size_t InitialHeapSize                          = 132120576                                 {product} {ergonomic}
   size_t MarkStackSize                            = 4194304                                   {product} {ergonomic}
   size_t MaxHeapSize                              = 2109734912                                {product} {ergonomic}
   size_t MaxNewSize                               = 1265631232                                {product} {ergonomic}
   size_t MinHeapDeltaBytes                        = 1048576                                   {product} {ergonomic}
   size_t MinHeapSize                              = 8388608                                   {product} {ergonomic}
    uintx NonNMethodCodeHeapSize                   = 5839372                                {pd product} {ergonomic}
    uintx NonProfiledCodeHeapSize                  = 122909434                              {pd product} {ergonomic}
    uintx ProfiledCodeHeapSize                     = 122909434                              {pd product} {ergonomic}
    uintx ReservedCodeCacheSize                    = 251658240                              {pd product} {ergonomic}
     bool SegmentedCodeCache                       = true                                      {product} {ergonomic}
     bool ShowCodeDetailsInExceptionMessages       = true                                   {manageable} {command line}
   size_t SoftMaxHeapSize                          = 2109734912                             {manageable} {ergonomic}
     bool UseCompressedClassPointers               = true                                 {lp64_product} {ergonomic}
     bool UseCompressedOops                        = true                                 {lp64_product} {ergonomic}
     bool UseG1GC                                  = true                                      {product} {ergonomic}
     bool UseLargePagesIndividualAllocation        = false                                  {pd product} {ergonomic}

Logging:
Log output configuration:
 #0: stdout all=warning uptime,level,tags
 #1: stderr all=off uptime,level,tags

Environment Variables:
JAVA_HOME=C:\jdk1.8
PATH=C:\java\eclipse\plugins\org.eclipse.justj.openjdk.hotspot.jre.full.win32.x86_64_15.0.1.v20201027-0507\jre\bin;C:/java/eclipse//plugins/org.eclipse.justj.openjdk.hotspot.jre.full.win32.x86_64_15.0.1.v20201027-0507/jre/bin/server;C:/java/eclipse//plugins/org.eclipse.justj.openjdk.hotspot.jre.full.win32.x86_64_15.0.1.v20201027-0507/jre/bin;C:\jdk1.8\bin;C:\Program Files (x86)\Common Files\Oracle\Java\javapath;C:\Windows\system32;C:\Windows;C:\Windows\System32\Wbem;C:\Windows\System32\WindowsPowerShell\v1.0\;C:\Windows\System32\OpenSSH\;C:\Program Files\Git\cmd;C:\Users\user\AppData\Local\Programs\Python\Python38\Scripts\;C:\Users\user\AppData\Local\Programs\Python\Python38\;C:\Users\user\AppData\Local\Microsoft\WindowsApps;C:\Users\user\AppData\Local\GitHubDesktop\bin;C:\Program Files\Bandizip\;C:\Users\user\Microsoft VS Code\bin;C:\jdk1.8\bin;;C:\java\eclipse;
USERNAME=user
OS=Windows_NT
PROCESSOR_IDENTIFIER=Intel64 Family 6 Model 158 Stepping 10, GenuineIntel



---------------  S Y S T E M  ---------------

OS:
 Windows 10 , 64 bit Build 18362 (10.0.18362.1316)
OS uptime: 0 days 3:40 hours

CPU: total 8 (initial active 8) (4 cores per cpu, 2 threads per core) family 6 model 158 stepping 10 microcode 0xd2, cmov, cx8, fxsr, mmx, sse, sse2, sse3, ssse3, sse4.1, sse4.2, popcnt, vzeroupper, avx, avx2, aes, clmul, erms, 3dnowpref, lzcnt, ht, tsc, tscinvbit, bmi1, bmi2, adx, fma, clflush, clflushopt

Memory: 4k page, system-wide physical 8044M (3300M free)
TotalPageFile size 14444M (AvailPageFile size 7055M)
current process WorkingSet (physical memory assigned to process): 43M, peak: 47M
current process commit charge ("private bytes"): 209M, peak: 211M

vm_info: OpenJDK 64-Bit Server VM (15.0.1+9-18) for windows-amd64 JRE (15.0.1+9-18), built on Sep 15 2020 14:39:31 by "mach5one" with unknown MS VC++:1925

END.
